<?xml version="1.0" encoding="UTF-8"?>
<!-- Generated by org.testng.reporters.JUnitReportReporter -->
<testsuite hostname="Keya" name="testExecution.AccountDetailTest" tests="1" failures="0" timestamp="9 Dec 2016 10:43:56 GMT" time="1.524" errors="0">
  <testcase name="verifyAccountDetails" time="1.524" classname="testExecution.AccountDetailTest"/>
</testsuite> <!-- testExecution.AccountDetailTest -->
