<?xml version="1.0" encoding="UTF-8"?>
<!-- Generated by org.testng.reporters.JUnitReportReporter -->
<testsuite hostname="Keya" name="testExecution.RegistrationTest" tests="1" failures="0" timestamp="9 Dec 2016 10:28:02 GMT" time="0.062" errors="0">
  <testcase name="verifyUser" time="0.062" classname="testExecution.RegistrationTest"/>
</testsuite> <!-- testExecution.RegistrationTest -->
